============================================================
  Generated by:           Genus(TM) Synthesis Solution 19.12-s121_1
  Generated on:           Mar 22 2023  08:07:31 pm
  Module:                 ece581_lp_top
  Operating conditions:   _nominal_ (balanced_tree)
  Wireload mode:          enclosed
  Area mode:              timing library
============================================================

Timing
--------

 Clock  Period 
---------------
upf_clk 2000.0 


  Cost    Critical               Violating 
 Group   Path Slack     TNS        Paths   
-------------------------------------------
default    No paths         0.0            
upf_clk     -8197.2   -146906.1         38 
-------------------------------------------
Total                 -146906.1         38 

Instance Count
--------------
Leaf Instance Count             123 
Physical Instance count           0 
Sequential Instance Count        16 
Combinational Instance Count    107 
Hierarchical Instance Count       4 

Area
----
Cell Area                          368.255
Physical Cell Area                 0.000
Total Cell Area (Cell+Physical)    368.255
Net Area                           0.000
Total Area (Cell+Physical+Net)     368.255

Max Fanout                         16 (upf_clk)
Min Fanout                         0 (B_inst/n_0)
Average Fanout                     1.7
Terms to net ratio                 2.6809
Terms to instance ratio            3.0732
Runtime                            47.28409 seconds
Elapsed Runtime                    289 seconds
Genus peak memory usage            1230.75 
Innovus peak memory usage          no_value 
Hostname                           auto.ece.pdx.edu
